# JRE version: 7.0_15-b20
# Java VM: OpenJDK Client VM (23.7-b01 mixed mode, sharing linux-x86 )
Heap
 def new generation   total 64704K, used 51072K [0x62970000, 0x66fa0000, 0x6d410000)
  eden space 57536K,  88% used [0x62970000, 0x65b50020, 0x661a0000)
  from space 7168K,   0% used [0x661a0000, 0x661a0000, 0x668a0000)
  to   space 7168K,   0% used [0x668a0000, 0x668a0000, 0x66fa0000)
 tenured generation   total 143588K, used 86152K [0x6d410000, 0x76049000, 0x82970000)
   the space 143588K,  59% used [0x6d410000, 0x72832008, 0x72832200, 0x76049000)
 compacting perm gen  total 61184K, used 61088K [0x82970000, 0x86530000, 0x92970000)
   the space 61184K,  99% used [0x82970000, 0x865180a0, 0x86518200, 0x86530000)
    ro space 10240K,  60% used [0x92970000, 0x92f82050, 0x92f82200, 0x93370000)
    rw space 12288K,  61% used [0x93370000, 0x93ad80a0, 0x93ad8200, 0x93f70000)
GC Heap History (10 events):
Event: 47,501 GC heap before
{Heap before GC invocations=53 (full 12):
 def new generation   total 53440K, used 47552K [0x62970000, 0x66360000, 0x6d410000)
  eden space 47552K, 100% used [0x62970000, 0x657e0000, 0x657e0000)
  from space 5888K,   0% used [0x657e0000, 0x657e0000, 0x65da0000)
  to   space 5888K,   0% used [0x65da0000, 0x65da0000, 0x66360000)
 tenured generation   total 118464K, used 71078K [0x6d410000, 0x747c0000, 0x82970000)
   the space 118464K,  59% used [0x6d410000, 0x71979980, 0x71979a00, 0x747c0000)
 compacting perm gen  total 57856K, used 57744K [0x82970000, 0x861f0000, 0x92970000)
   the space 57856K,  99% used [0x82970000, 0x861d4050, 0x861d4200, 0x861f0000)
    ro space 10240K,  60% used [0x92970000, 0x92f82050, 0x92f82200, 0x93370000)
    rw space 12288K,  61% used [0x93370000, 0x93ad80a0, 0x93ad8200, 0x93f70000)
Event: 47,521 GC heap after
Heap after GC invocations=54 (full 12):
 def new generation   total 53440K, used 4894K [0x62970000, 0x66360000, 0x6d410000)
  eden space 47552K,   0% used [0x62970000, 0x62970000, 0x657e0000)
  from space 5888K,  83% used [0x65da0000, 0x66267850, 0x66360000)
  to   space 5888K,   0% used [0x657e0000, 0x657e0000, 0x65da0000)
 tenured generation   total 118464K, used 71078K [0x6d410000, 0x747c0000, 0x82970000)
   the space 118464K,  59% used [0x6d410000, 0x71979980, 0x71979a00, 0x747c0000)
 compacting perm gen  total 57856K, used 57744K [0x82970000, 0x861f0000, 0x92970000)
   the space 57856K,  99% used [0x82970000, 0x861d4050, 0x861d4200, 0x861f0000)
    ro space 10240K,  60% used [0x92970000, 0x92f82050, 0x92f82200, 0x93370000)
    rw space 12288K,  61% used [0x93370000, 0x93ad80a0, 0x93ad8200, 0x93f70000)
}
Event: 48,987 GC heap before
{Heap before GC invocations=54 (full 12):
 def new generation   total 53440K, used 52446K [0x62970000, 0x66360000, 0x6d410000)
  eden space 47552K, 100% used [0x62970000, 0x657e0000, 0x657e0000)
  from space 5888K,  83% used [0x65da0000, 0x66267850, 0x66360000)
  to   space 5888K,   0% used [0x657e0000, 0x657e0000, 0x65da0000)
 tenured generation   total 118464K, used 71078K [0x6d410000, 0x747c0000, 0x82970000)
   the space 118464K,  59% used [0x6d410000, 0x71979980, 0x71979a00, 0x747c0000)
 compacting perm gen  total 59392K, used 59280K [0x82970000, 0x86370000, 0x92970000)
   the space 59392K,  99% used [0x82970000, 0x863542e0, 0x86354400, 0x86370000)
    ro space 10240K,  60% used [0x92970000, 0x92f82050, 0x92f82200, 0x93370000)
    rw space 12288K,  61% used [0x93370000, 0x93ad80a0, 0x93ad8200, 0x93f70000)
Event: 49,008 GC heap after
Heap after GC invocations=55 (full 12):
 def new generation   total 53440K, used 4640K [0x62970000, 0x66360000, 0x6d410000)
  eden space 47552K,   0% used [0x62970000, 0x62970000, 0x657e0000)
  from space 5888K,  78% used [0x657e0000, 0x65c68360, 0x65da0000)
  to   space 5888K,   0% used [0x65da0000, 0x65da0000, 0x66360000)
 tenured generation   total 118464K, used 73954K [0x6d410000, 0x747c0000, 0x82970000)
   the space 118464K,  62% used [0x6d410000, 0x71c48b90, 0x71c48c00, 0x747c0000)
 compacting perm gen  total 59392K, used 59280K [0x82970000, 0x86370000, 0x92970000)
   the space 59392K,  99% used [0x82970000, 0x863542e0, 0x86354400, 0x86370000)
    ro space 10240K,  60% used [0x92970000, 0x92f82050, 0x92f82200, 0x93370000)
    rw space 12288K,  61% used [0x93370000, 0x93ad80a0, 0x93ad8200, 0x93f70000)
}
Event: 51,764 GC heap before
{Heap before GC invocations=55 (full 12):
 def new generation   total 53440K, used 52192K [0x62970000, 0x66360000, 0x6d410000)
  eden space 47552K, 100% used [0x62970000, 0x657e0000, 0x657e0000)
  from space 5888K,  78% used [0x657e0000, 0x65c68360, 0x65da0000)
  to   space 5888K,   0% used [0x65da0000, 0x65da0000, 0x66360000)
 tenured generation   total 118464K, used 73954K [0x6d410000, 0x747c0000, 0x82970000)
   the space 118464K,  62% used [0x6d410000, 0x71c48b90, 0x71c48c00, 0x747c0000)
 compacting perm gen  total 59392K, used 59321K [0x82970000, 0x86370000, 0x92970000)
   the space 59392K,  99% used [0x82970000, 0x8635e4a0, 0x8635e600, 0x86370000)
    ro space 10240K,  60% used [0x92970000, 0x92f82050, 0x92f82200, 0x93370000)
    rw space 12288K,  61% used [0x93370000, 0x93ad80a0, 0x93ad8200, 0x93f70000)
Event: 51,802 GC heap after
Heap after GC invocations=56 (full 12):
 def new generation   total 53440K, used 5888K [0x62970000, 0x66360000, 0x6d410000)
  eden space 47552K,   0% used [0x62970000, 0x62970000, 0x657e0000)
  from space 5888K, 100% used [0x65da0000, 0x66360000, 0x66360000)
  to   space 5888K,   0% used [0x657e0000, 0x657e0000, 0x65da0000)
 tenured generation   total 118464K, used 76706K [0x6d410000, 0x747c0000, 0x82970000)
   the space 118464K,  64% used [0x6d410000, 0x71ef8918, 0x71ef8a00, 0x747c0000)
 compacting perm gen  total 59392K, used 59321K [0x82970000, 0x86370000, 0x92970000)
   the space 59392K,  99% used [0x82970000, 0x8635e4a0, 0x8635e600, 0x86370000)
    ro space 10240K,  60% used [0x92970000, 0x92f82050, 0x92f82200, 0x93370000)
    rw space 12288K,  61% used [0x93370000, 0x93ad80a0, 0x93ad8200, 0x93f70000)
}
Event: 64,641 GC heap before
{Heap before GC invocations=56 (full 12):
 def new generation   total 53440K, used 53440K [0x62970000, 0x66360000, 0x6d410000)
  eden space 47552K, 100% used [0x62970000, 0x657e0000, 0x657e0000)
  from space 5888K, 100% used [0x65da0000, 0x66360000, 0x66360000)
  to   space 5888K,   0% used [0x657e0000, 0x657e0000, 0x65da0000)
 tenured generation   total 118464K, used 76706K [0x6d410000, 0x747c0000, 0x82970000)
   the space 118464K,  64% used [0x6d410000, 0x71ef8918, 0x71ef8a00, 0x747c0000)
 compacting perm gen  total 59648K, used 59569K [0x82970000, 0x863b0000, 0x92970000)
   the space 59648K,  99% used [0x82970000, 0x8639c628, 0x8639c800, 0x863b0000)
    ro space 10240K,  60% used [0x92970000, 0x92f82050, 0x92f82200, 0x93370000)
    rw space 12288K,  61% used [0x93370000, 0x93ad80a0, 0x93ad8200, 0x93f70000)
Event: 64,683 GC heap after
Heap after GC invocations=57 (full 12):
 def new generation   total 53440K, used 5623K [0x62970000, 0x66360000, 0x6d410000)
  eden space 47552K,   0% used [0x62970000, 0x62970000, 0x657e0000)
  from space 5888K,  95% used [0x657e0000, 0x65d5dfd0, 0x65da0000)
  to   space 5888K,   0% used [0x65da0000, 0x65da0000, 0x66360000)
 tenured generation   total 118464K, used 82483K [0x6d410000, 0x747c0000, 0x82970000)
   the space 118464K,  69% used [0x6d410000, 0x7249ceb8, 0x7249d000, 0x747c0000)
 compacting perm gen  total 59648K, used 59569K [0x82970000, 0x863b0000, 0x92970000)
   the space 59648K,  99% used [0x82970000, 0x8639c628, 0x8639c800, 0x863b0000)
    ro space 10240K,  60% used [0x92970000, 0x92f82050, 0x92f82200, 0x93370000)
    rw space 12288K,  61% used [0x93370000, 0x93ad80a0, 0x93ad8200, 0x93f70000)
}
Event: 72,160 GC heap before
{Heap before GC invocations=57 (full 12):
 def new generation   total 53440K, used 13697K [0x62970000, 0x66360000, 0x6d410000)
  eden space 47552K,  16% used [0x62970000, 0x631525c0, 0x657e0000)
  from space 5888K,  95% used [0x657e0000, 0x65d5dfd0, 0x65da0000)
  to   space 5888K,   0% used [0x65da0000, 0x65da0000, 0x66360000)
 tenured generation   total 118464K, used 82483K [0x6d410000, 0x747c0000, 0x82970000)
   the space 118464K,  69% used [0x6d410000, 0x7249ceb8, 0x7249d000, 0x747c0000)
 compacting perm gen  total 60160K, used 59959K [0x82970000, 0x86430000, 0x92970000)
   the space 60160K,  99% used [0x82970000, 0x863fdf58, 0x863fe000, 0x86430000)
    ro space 10240K,  60% used [0x92970000, 0x92f82050, 0x92f82200, 0x93370000)
    rw space 12288K,  61% used [0x93370000, 0x93ad80a0, 0x93ad8200, 0x93f70000)
Event: 72,498 GC heap after
Heap after GC invocations=58 (full 13):
 def new generation   total 64704K, used 0K [0x62970000, 0x66fa0000, 0x6d410000)
  eden space 57536K,   0% used [0x62970000, 0x62970000, 0x661a0000)
  from space 7168K,   0% used [0x661a0000, 0x661a0000, 0x668a0000)
  to   space 7168K,   0% used [0x668a0000, 0x668a0000, 0x66fa0000)
 tenured generation   total 143588K, used 86152K [0x6d410000, 0x76049000, 0x82970000)
   the space 143588K,  59% used [0x6d410000, 0x72832008, 0x72832200, 0x76049000)
 compacting perm gen  total 60160K, used 59959K [0x82970000, 0x86430000, 0x92970000)
   the space 60160K,  99% used [0x82970000, 0x863fdf58, 0x863fe000, 0x86430000)
    ro space 10240K,  60% used [0x92970000, 0x92f82050, 0x92f82200, 0x93370000)
    rw space 12288K,  61% used [0x93370000, 0x93ad80a0, 0x93ad8200, 0x93f70000)
}

